------------------------------------------------------------------------------------------------------------------------
      name:  <unnamed>
       log:  E:\Dropbox\@Projects_Active\MGMT_source\data\ManSci\replication_package\analysis_test\programs\../data/inpu
> t/describe_WMS_RAIS_flow_plantdata_25_Nov_2020.log
  log type:  text
 opened on:  25 Nov 2020, 08:28:39
option replace not allowed
r(198);

end of do-file

r(198);

. do "C:\Users\schmutte\AppData\Local\Temp\STD3ddc_000000.tmp"

. /*
> describe_analysis_data.do
> 
> Describes all input data sources for Cornwell, Schmutte, and Scur "Building a productive workforce: the role of struct
> ured management practices"
> 
> */
. 
. pause on

. set more off

. set linesize 120

. 
. local datasets "WMS_RAIS_flow_microdata wmslong_forAnalysis"

. 
. foreach set in `datasets' {
  2.   capture log close
  3.   local c_date = c(current_date)
  4.   local cdate = subinstr("`c_date'", " ", "_", .)
  5.   do "./paths.do"
  6.   log using "${inpath}/describe_`set'_`cdate'.log", replace text
  7.   use "${inpath}/`set'.dta", clear
  8.   datasignature set, saving(${inpath}/datasig_`set'_`cdate'.txt) 
  9.   describe
 10.   log close
 11.   }
